{"C:\\Users\\Tony\\Desktop\\etherless-server v0.0.2\\src\\aws\\AwsManager.ts": {"path":"C:\\Users\\Tony\\Desktop\\etherless-server v0.0.2\\src\\aws\\AwsManager.ts","statementMap":{"0":{"start":{"line":3,"column":0},"end":{"line":3,"column":null}},"1":{"start":{"line":7,"column":6},"end":{"line":7,"column":27}},"2":{"start":{"line":10,"column":10},"end":{"line":28,"column":null}},"3":{"start":{"line":11,"column":12},"end":{"line":14,"column":8}},"4":{"start":{"line":16,"column":26},"end":{"line":16,"column":null}},"5":{"start":{"line":16,"column":14},"end":{"line":16,"column":null}},"6":{"start":{"line":18,"column":8},"end":{"line":20,"column":null}},"7":{"start":{"line":19,"column":10},"end":{"line":19,"column":54}},"8":{"start":{"line":21,"column":8},"end":{"line":21,"column":45}},"9":{"start":{"line":23,"column":8},"end":{"line":25,"column":null}},"10":{"start":{"line":24,"column":10},"end":{"line":24,"column":70}},"11":{"start":{"line":26,"column":8},"end":{"line":26,"column":85}},"12":{"start":{"line":29,"column":0},"end":{"line":29,"column":null}},"13":{"start":{"line":31,"column":0},"end":{"line":31,"column":26}}},"fnMap":{"0":{"name":"(anonymous_13)","decl":{"start":{"line":3,"column":0},"end":{"line":3,"column":null}},"loc":{"start":{"line":3,"column":0},"end":{"line":29,"column":null}}},"1":{"name":"AwsManager","decl":{"start":{"line":6,"column":4},"end":{"line":6,"column":16}},"loc":{"start":{"line":6,"column":34},"end":{"line":8,"column":5}}},"2":{"name":"(anonymous_15)","decl":{"start":{"line":10,"column":4},"end":{"line":10,"column":10}},"loc":{"start":{"line":10,"column":66},"end":{"line":28,"column":null}}}},"branchMap":{"0":{"loc":{"start":{"line":18,"column":8},"end":{"line":20,"column":null}},"type":"if","locations":[{"start":{"line":18,"column":8},"end":{"line":20,"column":null}},{"start":{"line":18,"column":8},"end":{"line":20,"column":null}}]},"1":{"loc":{"start":{"line":23,"column":8},"end":{"line":25,"column":null}},"type":"if","locations":[{"start":{"line":23,"column":8},"end":{"line":25,"column":null}},{"start":{"line":23,"column":8},"end":{"line":25,"column":null}}]}},"s":{"0":3,"1":3,"2":3,"3":8,"4":8,"5":7,"6":5,"7":2,"8":3,"9":5,"10":3,"11":2,"12":3,"13":3},"f":{"0":3,"1":3,"2":8},"b":{"0":[2,3],"1":[3,2]}}
,"C:\\Users\\Tony\\Desktop\\etherless-server v0.0.2\\src\\event\\EventData.ts": {"path":"C:\\Users\\Tony\\Desktop\\etherless-server v0.0.2\\src\\event\\EventData.ts","statementMap":{"0":{"start":{"line":3,"column":0},"end":{"line":3,"column":null}},"1":{"start":{"line":7,"column":6},"end":{"line":7,"column":19}},"2":{"start":{"line":9,"column":0},"end":{"line":9,"column":null}},"3":{"start":{"line":11,"column":0},"end":{"line":11,"column":25}}},"fnMap":{"0":{"name":"(anonymous_0)","decl":{"start":{"line":3,"column":0},"end":{"line":3,"column":null}},"loc":{"start":{"line":3,"column":0},"end":{"line":9,"column":null}}},"1":{"name":"EventData","decl":{"start":{"line":6,"column":4},"end":{"line":6,"column":16}},"loc":{"start":{"line":6,"column":29},"end":{"line":8,"column":5}}}},"branchMap":{},"s":{"0":3,"1":5,"2":3,"3":3},"f":{"0":3,"1":5},"b":{}}
,"C:\\Users\\Tony\\Desktop\\etherless-server v0.0.2\\src\\event\\EventDispatcher.ts": {"path":"C:\\Users\\Tony\\Desktop\\etherless-server v0.0.2\\src\\event\\EventDispatcher.ts","statementMap":{"0":{"start":{"line":3,"column":0},"end":{"line":3,"column":null}},"1":{"start":{"line":7,"column":6},"end":{"line":7,"column":26}},"2":{"start":{"line":10,"column":11},"end":{"line":22,"column":null}},"3":{"start":{"line":11,"column":19},"end":{"line":11,"column":24}},"4":{"start":{"line":12,"column":6},"end":{"line":16,"column":9}},"5":{"start":{"line":13,"column":8},"end":{"line":15,"column":null}},"6":{"start":{"line":14,"column":10},"end":{"line":14,"column":24}},"7":{"start":{"line":17,"column":6},"end":{"line":20,"column":null}},"8":{"start":{"line":18,"column":8},"end":{"line":18,"column":38}},"9":{"start":{"line":19,"column":8},"end":{"line":19,"column":20}},"10":{"start":{"line":21,"column":6},"end":{"line":21,"column":19}},"11":{"start":{"line":24,"column":11},"end":{"line":32,"column":null}},"12":{"start":{"line":25,"column":6},"end":{"line":30,"column":null}},"13":{"start":{"line":25,"column":19},"end":{"line":25,"column":20}},"14":{"start":{"line":26,"column":8},"end":{"line":29,"column":null}},"15":{"start":{"line":27,"column":10},"end":{"line":27,"column":38}},"16":{"start":{"line":28,"column":10},"end":{"line":28,"column":22}},"17":{"start":{"line":31,"column":6},"end":{"line":31,"column":19}},"18":{"start":{"line":34,"column":11},"end":{"line":38,"column":null}},"19":{"start":{"line":35,"column":6},"end":{"line":37,"column":9}},"20":{"start":{"line":36,"column":8},"end":{"line":36,"column":23}},"21":{"start":{"line":39,"column":0},"end":{"line":39,"column":null}},"22":{"start":{"line":41,"column":0},"end":{"line":41,"column":31}}},"fnMap":{"0":{"name":"(anonymous_0)","decl":{"start":{"line":3,"column":0},"end":{"line":3,"column":null}},"loc":{"start":{"line":3,"column":0},"end":{"line":39,"column":null}}},"1":{"name":"EventDispatcher","decl":{"start":{"line":6,"column":4},"end":{"line":6,"column":null}},"loc":{"start":{"line":6,"column":4},"end":{"line":8,"column":5}}},"2":{"name":"(anonymous_2)","decl":{"start":{"line":10,"column":4},"end":{"line":10,"column":11}},"loc":{"start":{"line":10,"column":31},"end":{"line":22,"column":5}}},"3":{"name":"(anonymous_3)","decl":{"start":{"line":12,"column":29},"end":{"line":12,"column":30}},"loc":{"start":{"line":12,"column":32},"end":{"line":16,"column":7}}},"4":{"name":"(anonymous_4)","decl":{"start":{"line":24,"column":4},"end":{"line":24,"column":11}},"loc":{"start":{"line":24,"column":31},"end":{"line":32,"column":5}}},"5":{"name":"(anonymous_5)","decl":{"start":{"line":34,"column":4},"end":{"line":34,"column":11}},"loc":{"start":{"line":34,"column":35},"end":{"line":38,"column":5}}},"6":{"name":"(anonymous_6)","decl":{"start":{"line":35,"column":29},"end":{"line":35,"column":30}},"loc":{"start":{"line":35,"column":38},"end":{"line":37,"column":7}}}},"branchMap":{"0":{"loc":{"start":{"line":13,"column":8},"end":{"line":15,"column":null}},"type":"if","locations":[{"start":{"line":13,"column":8},"end":{"line":15,"column":null}},{"start":{"line":13,"column":8},"end":{"line":15,"column":null}}]},"1":{"loc":{"start":{"line":17,"column":6},"end":{"line":20,"column":null}},"type":"if","locations":[{"start":{"line":17,"column":6},"end":{"line":20,"column":null}},{"start":{"line":17,"column":6},"end":{"line":20,"column":null}}]},"2":{"loc":{"start":{"line":26,"column":8},"end":{"line":29,"column":null}},"type":"if","locations":[{"start":{"line":26,"column":8},"end":{"line":29,"column":null}},{"start":{"line":26,"column":8},"end":{"line":29,"column":null}}]}},"s":{"0":3,"1":3,"2":3,"3":6,"4":6,"5":3,"6":1,"7":6,"8":5,"9":5,"10":1,"11":3,"12":2,"13":2,"14":3,"15":1,"16":1,"17":1,"18":3,"19":2,"20":3,"21":3,"22":3},"f":{"0":3,"1":3,"2":6,"3":3,"4":2,"5":2,"6":3},"b":{"0":[1,2],"1":[5,1],"2":[1,2]}}
,"C:\\Users\\Tony\\Desktop\\etherless-server v0.0.2\\src\\event\\RunEventData.ts": {"path":"C:\\Users\\Tony\\Desktop\\etherless-server v0.0.2\\src\\event\\RunEventData.ts","statementMap":{"0":{"start":{"line":2,"column":0},"end":{"line":2,"column":36}},"1":{"start":{"line":4,"column":0},"end":{"line":4,"column":null}},"2":{"start":{"line":4,"column":27},"end":{"line":4,"column":36}},"3":{"start":{"line":10,"column":6},"end":{"line":10,"column":null}},"4":{"start":{"line":11,"column":6},"end":{"line":11,"column":39}},"5":{"start":{"line":12,"column":6},"end":{"line":12,"column":35}},"6":{"start":{"line":14,"column":0},"end":{"line":14,"column":null}},"7":{"start":{"line":16,"column":0},"end":{"line":16,"column":28}}},"fnMap":{"0":{"name":"(anonymous_7)","decl":{"start":{"line":4,"column":0},"end":{"line":4,"column":27}},"loc":{"start":{"line":4,"column":0},"end":{"line":14,"column":null}}},"1":{"name":"RunEventData","decl":{"start":{"line":9,"column":4},"end":{"line":9,"column":16}},"loc":{"start":{"line":9,"column":75},"end":{"line":13,"column":5}}}},"branchMap":{"0":{"loc":{"start":{"line":10,"column":6},"end":{"line":10,"column":15}},"type":"binary-expr","locations":[{"start":{"line":10,"column":6},"end":{"line":10,"column":15}},{"start":{"line":10,"column":15},"end":{"line":10,"column":null}}]}},"s":{"0":3,"1":3,"2":3,"3":5,"4":5,"5":5,"6":3,"7":3},"f":{"0":3,"1":5},"b":{"0":[5,5]}}
,"C:\\Users\\Tony\\Desktop\\etherless-server v0.0.2\\src\\facade\\EventProcessor.ts": {"path":"C:\\Users\\Tony\\Desktop\\etherless-server v0.0.2\\src\\facade\\EventProcessor.ts","statementMap":{"0":{"start":{"line":6,"column":0},"end":{"line":6,"column":null}},"1":{"start":{"line":11,"column":4},"end":{"line":11,"column":16}},"2":{"start":{"line":12,"column":6},"end":{"line":12,"column":39}},"3":{"start":{"line":13,"column":6},"end":{"line":13,"column":35}},"4":{"start":{"line":15,"column":6},"end":{"line":17,"column":9}},"5":{"start":{"line":16,"column":8},"end":{"line":16,"column":35}},"6":{"start":{"line":20,"column":10},"end":{"line":27,"column":null}},"7":{"start":{"line":22,"column":23},"end":{"line":22,"column":null}},"8":{"start":{"line":22,"column":14},"end":{"line":22,"column":null}},"9":{"start":{"line":23,"column":8},"end":{"line":23,"column":63}},"10":{"start":{"line":25,"column":8},"end":{"line":25,"column":69}},"11":{"start":{"line":28,"column":0},"end":{"line":28,"column":null}},"12":{"start":{"line":30,"column":0},"end":{"line":30,"column":30}}},"fnMap":{"0":{"name":"(anonymous_13)","decl":{"start":{"line":6,"column":0},"end":{"line":6,"column":null}},"loc":{"start":{"line":6,"column":0},"end":{"line":28,"column":null}}},"1":{"name":"EventProcessor","decl":{"start":{"line":11,"column":4},"end":{"line":11,"column":16}},"loc":{"start":{"line":11,"column":69},"end":{"line":18,"column":5}}},"2":{"name":"(anonymous_15)","decl":{"start":{"line":15,"column":30},"end":{"line":15,"column":31}},"loc":{"start":{"line":15,"column":48},"end":{"line":17,"column":7}}},"3":{"name":"(anonymous_16)","decl":{"start":{"line":20,"column":4},"end":{"line":20,"column":10}},"loc":{"start":{"line":20,"column":44},"end":{"line":27,"column":null}}}},"branchMap":{},"s":{"0":1,"1":1,"2":1,"3":1,"4":1,"5":0,"6":1,"7":3,"8":3,"9":1,"10":2,"11":1,"12":1},"f":{"0":1,"1":1,"2":0,"3":3},"b":{}}
,"C:\\Users\\Tony\\Desktop\\etherless-server v0.0.2\\src\\smart\\EthSmartManager.ts": {"path":"C:\\Users\\Tony\\Desktop\\etherless-server v0.0.2\\src\\smart\\EthSmartManager.ts","statementMap":{"0":{"start":{"line":3,"column":0},"end":{"line":3,"column":49}},"1":{"start":{"line":4,"column":0},"end":{"line":4,"column":42}},"2":{"start":{"line":6,"column":0},"end":{"line":6,"column":null}},"3":{"start":{"line":6,"column":35},"end":{"line":6,"column":47}},"4":{"start":{"line":10,"column":6},"end":{"line":10,"column":null}},"5":{"start":{"line":11,"column":6},"end":{"line":11,"column":31}},"6":{"start":{"line":12,"column":6},"end":{"line":14,"column":9}},"7":{"start":{"line":13,"column":8},"end":{"line":13,"column":89}},"8":{"start":{"line":17,"column":4},"end":{"line":23,"column":null}},"9":{"start":{"line":18,"column":6},"end":{"line":22,"column":null}},"10":{"start":{"line":19,"column":8},"end":{"line":19,"column":54}},"11":{"start":{"line":24,"column":0},"end":{"line":24,"column":null}},"12":{"start":{"line":26,"column":0},"end":{"line":26,"column":36}}},"fnMap":{"0":{"name":"(anonymous_7)","decl":{"start":{"line":6,"column":0},"end":{"line":6,"column":35}},"loc":{"start":{"line":6,"column":0},"end":{"line":24,"column":null}}},"1":{"name":"EthereumSmartManager","decl":{"start":{"line":9,"column":4},"end":{"line":9,"column":16}},"loc":{"start":{"line":9,"column":34},"end":{"line":15,"column":5}}},"2":{"name":"(anonymous_9)","decl":{"start":{"line":12,"column":37},"end":{"line":12,"column":38}},"loc":{"start":{"line":12,"column":93},"end":{"line":14,"column":7}}},"3":{"name":"(anonymous_10)","decl":{"start":{"line":17,"column":4},"end":{"line":17,"column":17}},"loc":{"start":{"line":17,"column":66},"end":{"line":23,"column":5}}}},"branchMap":{"0":{"loc":{"start":{"line":10,"column":6},"end":{"line":10,"column":13}},"type":"binary-expr","locations":[{"start":{"line":10,"column":6},"end":{"line":10,"column":13}},{"start":{"line":10,"column":13},"end":{"line":10,"column":null}}]}},"s":{"0":2,"1":2,"2":2,"3":2,"4":2,"5":2,"6":2,"7":0,"8":2,"9":7,"10":7,"11":2,"12":2},"f":{"0":2,"1":2,"2":0,"3":7},"b":{"0":[2,2]}}
,"C:\\Users\\Tony\\Desktop\\etherless-server v0.0.2\\src\\smart\\SmartManager.ts": {"path":"C:\\Users\\Tony\\Desktop\\etherless-server v0.0.2\\src\\smart\\SmartManager.ts","statementMap":{"0":{"start":{"line":2,"column":0},"end":{"line":2,"column":55}},"1":{"start":{"line":5,"column":0},"end":{"line":5,"column":null}},"2":{"start":{"line":9,"column":6},"end":{"line":9,"column":54}},"3":{"start":{"line":14,"column":11},"end":{"line":16,"column":null}},"4":{"start":{"line":15,"column":6},"end":{"line":15,"column":54}},"5":{"start":{"line":18,"column":4},"end":{"line":20,"column":null}},"6":{"start":{"line":19,"column":6},"end":{"line":19,"column":45}},"7":{"start":{"line":21,"column":0},"end":{"line":21,"column":null}},"8":{"start":{"line":23,"column":0},"end":{"line":23,"column":28}}},"fnMap":{"0":{"name":"(anonymous_1)","decl":{"start":{"line":5,"column":0},"end":{"line":5,"column":null}},"loc":{"start":{"line":5,"column":0},"end":{"line":21,"column":null}}},"1":{"name":"SmartManager","decl":{"start":{"line":8,"column":4},"end":{"line":8,"column":null}},"loc":{"start":{"line":8,"column":4},"end":{"line":10,"column":5}}},"2":{"name":"(anonymous_3)","decl":{"start":{"line":14,"column":4},"end":{"line":14,"column":11}},"loc":{"start":{"line":14,"column":30},"end":{"line":16,"column":5}}},"3":{"name":"(anonymous_4)","decl":{"start":{"line":18,"column":4},"end":{"line":18,"column":20}},"loc":{"start":{"line":18,"column":39},"end":{"line":20,"column":5}}}},"branchMap":{},"s":{"0":2,"1":2,"2":2,"3":2,"4":2,"5":2,"6":1,"7":2,"8":2},"f":{"0":2,"1":2,"2":2,"3":1},"b":{}}
}
