TN:
SF:src\config\AwsConfig.ts
FN:1,(anonymous_0)
FN:8,AwsConfig
FNF:2
FNH:2
FNDA:1,(anonymous_0)
FNDA:1,AwsConfig
DA:1,1
DA:9,1
DA:10,1
DA:11,1
DA:13,1
DA:15,1
LF:6
LH:6
BRF:0
BRH:0
end_of_record
TN:
SF:src\config\EthSmartConfig.ts
FN:1,(anonymous_0)
FN:10,EthSmartConfig
FNF:2
FNH:2
FNDA:1,(anonymous_0)
FNDA:1,EthSmartConfig
DA:1,1
DA:11,1
DA:12,1
DA:13,1
DA:14,1
DA:16,1
DA:18,1
LF:7
LH:7
BRF:0
BRH:0
end_of_record
TN:
SF:src\event\EventData.ts
FN:3,(anonymous_0)
FN:6,EventData
FNF:2
FNH:2
FNDA:2,(anonymous_0)
FNDA:4,EventData
DA:3,2
DA:7,4
DA:9,2
DA:11,2
LF:4
LH:4
BRF:0
BRH:0
end_of_record
TN:
SF:src\event\EventDispatcher.ts
FN:3,(anonymous_0)
FN:6,EventDispatcher
FN:10,(anonymous_2)
FN:12,(anonymous_3)
FN:24,(anonymous_4)
FN:34,(anonymous_5)
FN:35,(anonymous_6)
FNF:7
FNH:7
FNDA:2,(anonymous_0)
FNDA:5,EventDispatcher
FNDA:5,(anonymous_2)
FNDA:3,(anonymous_3)
FNDA:2,(anonymous_4)
FNDA:4,(anonymous_5)
FNDA:5,(anonymous_6)
DA:3,2
DA:7,5
DA:10,2
DA:11,5
DA:12,5
DA:13,3
DA:14,1
DA:17,5
DA:18,4
DA:19,4
DA:21,1
DA:24,2
DA:25,2
DA:26,3
DA:27,1
DA:28,1
DA:31,1
DA:34,2
DA:35,4
DA:36,5
DA:39,2
DA:41,2
LF:22
LH:22
BRDA:13,0,0,1
BRDA:13,0,1,2
BRDA:17,1,0,4
BRDA:17,1,1,1
BRDA:26,2,0,1
BRDA:26,2,1,2
BRF:6
BRH:6
end_of_record
TN:
SF:src\event\RunEventData.ts
FN:4,(anonymous_7)
FN:9,RunEventData
FNF:2
FNH:2
FNDA:2,(anonymous_7)
FNDA:4,RunEventData
DA:2,2
DA:4,2
DA:10,4
DA:11,4
DA:12,4
DA:14,2
DA:16,2
LF:7
LH:7
BRDA:10,0,0,4
BRDA:10,0,1,4
BRF:2
BRH:2
end_of_record
TN:
SF:src\facade\EventProcessor.ts
FN:9,(anonymous_13)
FN:14,EventProcessor
FN:18,(anonymous_15)
FN:23,(anonymous_16)
FN:32,(anonymous_19)
FN:35,(anonymous_22)
FN:38,(anonymous_25)
FNF:7
FNH:4
FNDA:1,(anonymous_13)
FNDA:1,EventProcessor
FNDA:3,(anonymous_15)
FNDA:3,(anonymous_16)
FNDA:0,(anonymous_19)
FNDA:0,(anonymous_22)
FNDA:0,(anonymous_25)
DA:9,1
DA:14,1
DA:15,1
DA:16,1
DA:18,1
DA:19,3
DA:23,1
DA:25,3
DA:26,2
DA:28,1
DA:32,1
DA:35,1
DA:38,1
DA:40,1
DA:42,1
LF:15
LH:15
BRF:0
BRH:0
end_of_record
TN:
SF:src\smart\SmartManager.ts
FN:5,(anonymous_1)
FN:14,SmartManager
FN:25,(anonymous_3)
FN:29,(anonymous_4)
FN:33,(anonymous_5)
FN:37,(anonymous_6)
FN:41,(anonymous_7)
FN:45,(anonymous_8)
FN:49,(anonymous_9)
FN:53,(anonymous_10)
FNF:10
FNH:4
FNDA:1,(anonymous_1)
FNDA:1,SmartManager
FNDA:1,(anonymous_3)
FNDA:0,(anonymous_4)
FNDA:0,(anonymous_5)
FNDA:0,(anonymous_6)
FNDA:3,(anonymous_7)
FNDA:0,(anonymous_8)
FNDA:0,(anonymous_9)
FNDA:0,(anonymous_10)
DA:2,1
DA:5,1
DA:15,1
DA:16,1
DA:17,1
DA:18,1
DA:25,1
DA:26,1
DA:29,1
DA:30,0
DA:33,1
DA:34,0
DA:37,1
DA:38,0
DA:41,1
DA:42,3
DA:45,1
DA:46,0
DA:49,1
DA:50,0
DA:53,1
DA:54,0
DA:56,1
DA:58,1
LF:24
LH:18
BRF:0
BRH:0
end_of_record
