TN:
SF:src\aws\AwsManager.ts
FN:3,(anonymous_13)
FN:6,AwsManager
FN:11,(anonymous_15)
FNF:3
FNH:3
FNDA:1,(anonymous_13)
FNDA:1,AwsManager
FNDA:4,(anonymous_15)
DA:3,1
DA:7,1
DA:11,1
DA:12,4
DA:17,4
DA:19,2
DA:20,1
DA:22,1
DA:24,3
DA:25,2
DA:27,1
DA:30,1
DA:32,1
LF:13
LH:13
BRDA:19,0,0,1
BRDA:19,0,1,1
BRDA:24,1,0,2
BRDA:24,1,1,1
BRF:4
BRH:4
end_of_record
TN:
SF:src\event\DeployEventData.ts
FN:4,(anonymous_7)
FN:11,DeployEventData
FNF:2
FNH:1
FNDA:1,(anonymous_7)
FNDA:0,DeployEventData
DA:2,1
DA:4,1
DA:12,0
DA:13,0
DA:14,0
DA:15,0
DA:17,1
DA:19,1
LF:8
LH:4
BRDA:12,0,0,0
BRDA:12,0,1,0
BRF:2
BRH:0
end_of_record
TN:
SF:src\event\EventData.ts
FN:3,(anonymous_0)
FN:8,EventData
FNF:2
FNH:2
FNDA:2,(anonymous_0)
FNDA:2,EventData
DA:3,2
DA:9,2
DA:11,2
DA:13,2
LF:4
LH:4
BRF:0
BRH:0
end_of_record
TN:
SF:src\event\EventDispatcher.ts
FN:3,(anonymous_0)
FN:6,EventDispatcher
FN:10,(anonymous_2)
FN:12,(anonymous_3)
FN:24,(anonymous_4)
FN:34,(anonymous_5)
FN:35,(anonymous_6)
FNF:7
FNH:7
FNDA:2,(anonymous_0)
FNDA:3,EventDispatcher
FNDA:8,(anonymous_2)
FNDA:16,(anonymous_3)
FNDA:2,(anonymous_4)
FNDA:2,(anonymous_5)
FNDA:6,(anonymous_6)
DA:3,2
DA:7,3
DA:10,2
DA:11,8
DA:12,8
DA:13,16
DA:14,1
DA:17,8
DA:18,7
DA:19,7
DA:21,1
DA:24,2
DA:25,2
DA:26,9
DA:27,1
DA:28,1
DA:31,1
DA:34,2
DA:35,2
DA:36,6
DA:39,2
DA:41,2
LF:22
LH:22
BRDA:13,0,0,1
BRDA:13,0,1,15
BRDA:17,1,0,7
BRDA:17,1,1,1
BRDA:26,2,0,1
BRDA:26,2,1,8
BRF:6
BRH:6
end_of_record
TN:
SF:src\event\RunEventData.ts
FN:4,(anonymous_7)
FN:9,RunEventData
FNF:2
FNH:2
FNDA:2,(anonymous_7)
FNDA:2,RunEventData
DA:2,2
DA:4,2
DA:10,2
DA:11,2
DA:12,2
DA:14,2
DA:16,2
LF:7
LH:7
BRDA:10,0,0,2
BRDA:10,0,1,2
BRF:2
BRH:2
end_of_record
TN:
SF:src\smart\EthSmartManager.ts
FN:7,(anonymous_7)
FN:10,EthereumSmartManager
FN:13,(anonymous_9)
FN:18,(anonymous_10)
FN:29,(anonymous_11)
FN:38,(anonymous_12)
FNF:6
FNH:3
FNDA:1,(anonymous_7)
FNDA:1,EthereumSmartManager
FNDA:0,(anonymous_9)
FNDA:0,(anonymous_10)
FNDA:2,(anonymous_11)
FNDA:0,(anonymous_12)
DA:3,1
DA:4,1
DA:5,1
DA:7,1
DA:11,1
DA:12,1
DA:13,1
DA:14,0
DA:18,1
DA:19,0
DA:20,0
DA:21,0
DA:22,0
DA:24,0
DA:29,1
DA:30,2
DA:31,2
DA:38,1
DA:39,0
DA:40,0
DA:45,1
DA:47,1
LF:22
LH:14
BRDA:11,0,0,1
BRDA:11,0,1,1
BRDA:21,1,0,0
BRDA:21,1,1,0
BRF:4
BRH:2
end_of_record
TN:
SF:src\smart\SmartManager.ts
FN:6,(anonymous_1)
FN:11,SmartManager
FN:23,(anonymous_3)
FN:27,(anonymous_4)
FN:32,(anonymous_5)
FN:36,(anonymous_6)
FNF:6
FNH:4
FNDA:1,(anonymous_1)
FNDA:1,SmartManager
FNDA:1,(anonymous_3)
FNDA:0,(anonymous_4)
FNDA:1,(anonymous_5)
FNDA:0,(anonymous_6)
DA:2,1
DA:6,1
DA:12,1
DA:13,1
DA:23,1
DA:24,1
DA:27,1
DA:28,0
DA:32,1
DA:33,1
DA:36,1
DA:37,0
DA:39,1
DA:41,1
LF:14
LH:12
BRF:0
BRH:0
end_of_record
